<?xml version="1.0" encoding="UTF-8"?>
<!-- Generated by org.testng.reporters.JUnitReportReporter -->
<testsuite hostname="03RNBC-PC02167" name="com.crm.qa.testcases.practice.HomePagePracticeTest" tests="5" failures="0" timestamp="16 Apr 2020 13:34:39 GMT" time="230.362" errors="0">
  <testcase name="verifyHomePageCalendarPageLinkTest" time="45.991" classname="com.crm.qa.testcases.practice.HomePagePracticeTest"/>
  <testcase name="verifyHomePageTitleTest" time="46.297" classname="com.crm.qa.testcases.practice.HomePagePracticeTest"/>
  <testcase name="verifyHomePageDealsPageLinkTest" time="45.777" classname="com.crm.qa.testcases.practice.HomePagePracticeTest"/>
  <testcase name="verifyHomePageUserLabelTest" time="44.179" classname="com.crm.qa.testcases.practice.HomePagePracticeTest"/>
  <testcase name="verifyHomePageContactsPageLinkTest" time="48.118" classname="com.crm.qa.testcases.practice.HomePagePracticeTest"/>
</testsuite> <!-- com.crm.qa.testcases.practice.HomePagePracticeTest -->
