<?xml version="1.0" encoding="UTF-8"?>
<!-- Generated by org.testng.reporters.JUnitReportReporter -->
<testsuite hostname="03RNBC-PC02167" name="com.crm.qa.testcases.practice.HomePageContactsPageTest" tests="1" failures="0" timestamp="16 Apr 2020 16:48:37 GMT" time="42.381" errors="0">
  <testcase name="selectContactsTest" time="42.381" classname="com.crm.qa.testcases.practice.HomePageContactsPageTest"/>
</testsuite> <!-- com.crm.qa.testcases.practice.HomePageContactsPageTest -->
